<?xml version="1.0" encoding="UTF-8"?>
<testsuite xmlns:xsi="http://www.w3.org/2001/XMLSchema-instance" xsi:noNamespaceSchemaLocation="https://maven.apache.org/surefire/maven-surefire-plugin/xsd/surefire-test-report-3.0.xsd" version="3.0" name="acmecollege.TestACMECollegeSystem" time="6.033" tests="40" errors="0" skipped="0" failures="1">
  <properties>
[...]
</properties>
  <testcase name="test01_all_students_adminrole" classname="acmecollege.TestACMECollegeSystem" time="2.004">
    <system-out><![CDATA[   acmecollege.TestACMECollegeSystem | oneTimeSetUp]]></system-out>
  </testcase>
  <testcase name="test02_get_all_students_adminrole" classname="acmecollege.TestACMECollegeSystem" time="0.087"/>
  <testcase name="test03_get_all_students_userrole" classname="acmecollege.TestACMECollegeSystem" time="0.106"/>
  <testcase name="test04_get_student_by_id_adminrole" classname="acmecollege.TestACMECollegeSystem" time="0.071"/>
  <testcase name="test05_get_student_by_id_userrole" classname="acmecollege.TestACMECollegeSystem" time="0.078"/>
  <testcase name="test06_add_student_adminrole" classname="acmecollege.TestACMECollegeSystem" time="0.308"/>
  <testcase name="test07_add_student_userrole" classname="acmecollege.TestACMECollegeSystem" time="0.064"/>
  <testcase name="test08_delete_student_by_id_adminrole" classname="acmecollege.TestACMECollegeSystem" time="0.174"/>
  <testcase name="test09_delete_student_by_id_userrole" classname="acmecollege.TestACMECollegeSystem" time="0.05"/>
  <testcase name="test10_all_student_clubs_adminrole" classname="acmecollege.TestACMECollegeSystem" time="0.062"/>
  <testcase name="test11_all_student_clubs_userrole" classname="acmecollege.TestACMECollegeSystem" time="0.051"/>
  <testcase name="test12_add_student_club_userrole" classname="acmecollege.TestACMECollegeSystem" time="0.132"/>
  <testcase name="test13_delete_student_club_by_id_userrole" classname="acmecollege.TestACMECollegeSystem" time="0.058"/>
  <testcase name="test14_add_club_membership_userrole" classname="acmecollege.TestACMECollegeSystem" time="0.097"/>
  <testcase name="test15_all_club_memberships_adminrole" classname="acmecollege.TestACMECollegeSystem" time="0.454">
    <failure type="java.lang.AssertionError"><![CDATA[java.lang.AssertionError: 

Expected: is <200>
     but: was <500>
	at acmecollege.TestACMECollegeSystem.test15_all_club_memberships_adminrole(TestACMECollegeSystem.java:381)
]]></failure>
  </testcase>
  <testcase name="test16_delete_club_membership_by_id_adminrole" classname="acmecollege.TestACMECollegeSystem" time="0.052"/>
  <testcase name="test17_delete_club_membership_by_id_userrole" classname="acmecollege.TestACMECollegeSystem" time="0.057"/>
  <testcase name="test18_getAllCourses_adminrole" classname="acmecollege.TestACMECollegeSystem" time="0.066"/>
  <testcase name="test19_getAllCourses_userrole" classname="acmecollege.TestACMECollegeSystem" time="0.062"/>
  <testcase name="test20_postCourse_adminrole" classname="acmecollege.TestACMECollegeSystem" time="0.089"/>
  <testcase name="test21_postCourse_userrole" classname="acmecollege.TestACMECollegeSystem" time="0.046"/>
  <testcase name="test22_deleteCourse_userrole" classname="acmecollege.TestACMECollegeSystem" time="0.038"/>
  <testcase name="test23_get_all_peertutor_adminrole" classname="acmecollege.TestACMECollegeSystem" time="0.108"/>
  <testcase name="test24_get_all_peertutor_userrole" classname="acmecollege.TestACMECollegeSystem" time="0.032"/>
  <testcase name="test25_get_peertutor_by_id_adminrole" classname="acmecollege.TestACMECollegeSystem" time="0.043"/>
  <testcase name="test26_add_peertutor_adminrole" classname="acmecollege.TestACMECollegeSystem" time="0.059"/>
  <testcase name="test27_add_peertutor_userrole" classname="acmecollege.TestACMECollegeSystem" time="0.033"/>
  <testcase name="test28_get_peertutor_by_id_adminrole" classname="acmecollege.TestACMECollegeSystem" time="0.041"/>
  <testcase name="test29_get_peertutor_by_id_userrole" classname="acmecollege.TestACMECollegeSystem" time="0.057"/>
  <testcase name="test30_delete_peertutor_by_id_userrole" classname="acmecollege.TestACMECollegeSystem" time="0.033"/>
  <testcase name="test31_add_membership_card_userrole" classname="acmecollege.TestACMECollegeSystem" time="0.039"/>
  <testcase name="test32_all_membership_cards_adminrole" classname="acmecollege.TestACMECollegeSystem" time="0.097">
    <system-out><![CDATA[   acmecollege.TestACMECollegeSystem | WHats the stitch 200]]></system-out>
  </testcase>
  <testcase name="test33_all_membership_cards_userrole" classname="acmecollege.TestACMECollegeSystem" time="0.053"/>
  <testcase name="test34_membership_card_by_id_adminrole" classname="acmecollege.TestACMECollegeSystem" time="0.053"/>
  <testcase name="test35_membership_card_by_id_userrole" classname="acmecollege.TestACMECollegeSystem" time="0.076"/>
  <testcase name="test36_delete_membership_card_by_id_Adminrole" classname="acmecollege.TestACMECollegeSystem" time="0.119"/>
  <testcase name="test37_all_peertutor_registrations_userrole" classname="acmecollege.TestACMECollegeSystem" time="0.046"/>
  <testcase name="test38_get_course_registration_By_Id_userrole" classname="acmecollege.TestACMECollegeSystem" time="0.093"/>
  <testcase name="test39_get_course_registration_By_Id_adminrole" classname="acmecollege.TestACMECollegeSystem" time="0.061"/>
  <testcase name="test40_all_peertutor_registrations_adminrole" classname="acmecollege.TestACMECollegeSystem" time="0.044"/>
</testsuite>